nvidia-smi topo -p2p n
        GPU0    GPU1    GPU2    GPU3    GPU4    GPU5    GPU6    GPU7
 GPU0   X       OK      OK      OK      OK      NS      NS      NS
 GPU1   OK      X       OK      OK      NS      OK      NS      NS
 GPU2   OK      OK      X       OK      NS      NS      OK      NS
 GPU3   OK      OK      OK      X       NS      NS      NS      OK
 GPU4   OK      NS      NS      NS      X       OK      OK      OK
 GPU5   NS      OK      NS      NS      OK      X       OK      OK
 GPU6   NS      NS      OK      NS      OK      OK      X       OK
 GPU7   NS      NS      NS      OK      OK      OK      OK      X

Legend:

  X    = Self
  OK   = Status Ok
  CNS  = Chipset not supported
  GNS  = GPU not supported
  TNS  = Topology not supported
  NS   = Not supported
  U    = Unknown

nvidia-smi topo -p2p p
        GPU0    GPU1    GPU2    GPU3    GPU4    GPU5    GPU6    GPU7
 GPU0   X       NS      NS      NS      NS      NS      NS      NS
 GPU1   NS      X       NS      NS      NS      NS      NS      NS
 GPU2   NS      NS      X       NS      NS      NS      NS      NS
 GPU3   NS      NS      NS      X       NS      NS      NS      NS
 GPU4   NS      NS      NS      NS      X       NS      NS      NS
 GPU5   NS      NS      NS      NS      NS      X       NS      NS
 GPU6   NS      NS      NS      NS      NS      NS      X       NS
 GPU7   NS      NS      NS      NS      NS      NS      NS      X

Legend:

  X    = Self
  OK   = Status Ok
  CNS  = Chipset not supported
  GNS  = GPU not supported
  TNS  = Topology not supported
  NS   = Not supported
  U    = Unknown