8 GPUs found.
+--------+----------------------------------------------------------------------+
| GPU ID | Device Information                                                   |
+--------+----------------------------------------------------------------------+
| 0      | Name: Tesla V100-SXM2-32GB                                           |
|        | PCI Bus ID: 00000000:06:00.0                                         |
|        | Device UUID: GPU-174ec460-1533-c424-e029-7260db3096ae                |
+--------+----------------------------------------------------------------------+
| 1      | Name: Tesla V100-SXM2-32GB                                           |
|        | PCI Bus ID: 00000000:07:00.0                                         |
|        | Device UUID: GPU-f0c9d544-1b11-defc-23ad-8a55edaccb83                |
+--------+----------------------------------------------------------------------+
| 2      | Name: Tesla V100-SXM2-32GB                                           |
|        | PCI Bus ID: 00000000:0A:00.0                                         |
|        | Device UUID: GPU-f348b3b4-aecc-4e86-2a8e-6adea4622537                |
+--------+----------------------------------------------------------------------+
| 3      | Name: Tesla V100-SXM2-32GB                                           |
|        | PCI Bus ID: 00000000:0B:00.0                                         |
|        | Device UUID: GPU-3d8f44a9-f73d-43c3-f22d-bee6cb3c8dff                |
+--------+----------------------------------------------------------------------+
| 4      | Name: Tesla V100-SXM2-32GB                                           |
|        | PCI Bus ID: 00000000:85:00.0                                         |
|        | Device UUID: GPU-2990cd36-19e0-35a4-d742-5be1f5fd18e8                |
+--------+----------------------------------------------------------------------+
| 5      | Name: Tesla V100-SXM2-32GB                                           |
|        | PCI Bus ID: 00000000:86:00.0                                         |
|        | Device UUID: GPU-d3631e83-1a68-dc8f-c37d-1c814b0e97d8                |
+--------+----------------------------------------------------------------------+
| 6      | Name: Tesla V100-SXM2-32GB                                           |
|        | PCI Bus ID: 00000000:89:00.0                                         |
|        | Device UUID: GPU-4f2c2198-d42d-640a-7673-d66229708335                |
+--------+----------------------------------------------------------------------+
| 7      | Name: Tesla V100-SXM2-32GB                                           |
|        | PCI Bus ID: 00000000:8A:00.0                                         |
|        | Device UUID: GPU-a8544b18-6cba-63b6-a3ff-968559aca7f9                |
+--------+----------------------------------------------------------------------+
0 NvSwitches found.
+-----------+
| Switch ID |
+-----------+
+-----------+
0 ConnectX found.
+----------+
| ConnectX |
+----------+
+----------+
0 CPUs found.
+--------+----------------------------------------------------------------------+
| CPU ID | Device Information                                                   |
+--------+----------------------------------------------------------------------+
+--------+----------------------------------------------------------------------+
