nvbandwidth Version: v0.7
Built from Git version: v0.7

CUDA Runtime Version: 12040
CUDA Driver Version: 12040
Driver Version: 550.54.15

Device 0: Tesla V100-SXM2-32GB (00000000:06:00)
Device 1: Tesla V100-SXM2-32GB (00000000:07:00)
Device 2: Tesla V100-SXM2-32GB (00000000:0a:00)
Device 3: Tesla V100-SXM2-32GB (00000000:0b:00)
Device 4: Tesla V100-SXM2-32GB (00000000:85:00)
Device 5: Tesla V100-SXM2-32GB (00000000:86:00)
Device 6: Tesla V100-SXM2-32GB (00000000:89:00)
Device 7: Tesla V100-SXM2-32GB (00000000:8a:00)

Running device_to_device_bidirectional_memcpy_read_ce.
memcpy CE GPU(row) <-> GPU(column) Read1 bandwidth (GB/s)
           0         1         2         3         4         5         6         7
 0       N/A     24.25     24.25     48.47     48.47       N/A       N/A       N/A
 1     24.25       N/A     48.48     24.25       N/A     48.47       N/A       N/A
 2     24.25     48.47       N/A     48.48       N/A       N/A     24.25       N/A
 3     48.47     24.25     48.47       N/A       N/A       N/A       N/A     24.25
 4     48.47       N/A       N/A       N/A       N/A     24.25     24.25     48.48
 5       N/A     48.47       N/A       N/A     24.25       N/A     48.48     24.25
 6       N/A       N/A     24.25       N/A     24.25     48.47       N/A     48.47
 7       N/A       N/A       N/A     24.25     48.47     24.25     48.48       N/A

SUM device_to_device_bidirectional_memcpy_read_ce_read1 1163.55

memcpy CE GPU(row) <-> GPU(column) Read2 bandwidth (GB/s)
           0         1         2         3         4         5         6         7
 0       N/A     24.25     24.25     48.47     48.47       N/A       N/A       N/A
 1     24.25       N/A     48.47     24.25       N/A     48.47       N/A       N/A
 2     24.25     48.47       N/A     48.48       N/A       N/A     24.25       N/A
 3     48.48     24.25     48.48       N/A       N/A       N/A       N/A     24.25
 4     48.47       N/A       N/A       N/A       N/A     24.25     24.25     48.47
 5       N/A     48.47       N/A       N/A     24.24       N/A     48.47     24.25
 6       N/A       N/A     24.25       N/A     24.25     48.48       N/A     48.48
 7       N/A       N/A       N/A     24.25     48.48     24.25     48.48       N/A

SUM device_to_device_bidirectional_memcpy_read_ce_read2 1163.54

memcpy CE GPU(row) <-> GPU(column) Total bandwidth (GB/s)
           0         1         2         3         4         5         6         7
 0       N/A     48.49     48.50     96.95     96.94       N/A       N/A       N/A
 1     48.49       N/A     96.95     48.50       N/A     96.94       N/A       N/A
 2     48.50     96.95       N/A     96.96       N/A       N/A     48.49       N/A
 3     96.95     48.49     96.95       N/A       N/A       N/A       N/A     48.50
 4     96.94       N/A       N/A       N/A       N/A     48.49     48.49     96.95
 5       N/A     96.95       N/A       N/A     48.49       N/A     96.95     48.49
 6       N/A       N/A     48.50       N/A     48.49     96.95       N/A     96.95
 7       N/A       N/A       N/A     48.49     96.95     48.49     96.96       N/A

SUM device_to_device_bidirectional_memcpy_read_ce_total 2327.09

NOTE: The reported results may not reflect the full capabilities of the platform.
Performance can vary with software drivers, hardware clocks, and system topology.

